<?xml version="1.0" encoding="UTF-8"?>
<testng-results skipped="0" failed="0" ignored="0" total="0" passed="0">
  <reporter-output>
  </reporter-output>
  <suite name="Surefire suite" duration-ms="9755" started-at="2021-06-04T18:14:09Z" finished-at="2021-06-04T18:14:19Z">
    <groups>
    </groups>
    <test name="Surefire test" duration-ms="9755" started-at="2021-06-04T18:14:09Z" finished-at="2021-06-04T18:14:19Z">
    </test> <!-- Surefire test -->
  </suite> <!-- Surefire suite -->
</testng-results>
